{
    "FunctionName": "hello-cli",
    "FunctionArn": "arn:aws:lambda:us-east-1:102218856995:function:hello-cli",
    "Runtime": "nodejs12.x",
    "Role": "arn:aws:iam::102218856995:role/lambda-exemplo",
    "Handler": "index.handler",
    "CodeSize": 333,
    "Description": "",
    "Timeout": 3,
    "MemorySize": 128,
    "LastModified": "2021-01-27T19:05:26.732+0000",
    "CodeSha256": "kOYqQ52gP86AE2wQB9MaUWblsKqM7KtqbRHyv9N3Vlo=",
    "Version": "$LATEST",
    "TracingConfig": {
        "Mode": "PassThrough"
    },
    "RevisionId": "32b144e4-a61d-4fde-89ae-17e59019b4e7",
    "State": "Active",
    "LastUpdateStatus": "Successful",
    "PackageType": "Zip"
}
